<?xml version="1.0" encoding="UTF-8"?>
<testsuite name="PublicationOfMaterialOfAnalitic"
           tests="4"
           failures="0"
           errors="0"
           skipped="0"
           time="65.083">
  <properties />
  
  
            <testcase name="verifyNewCreatedRubric" time="8.728" classname="regressionSuit.fpspm131_PublicationOfMaterialOfAnalitic" />
                <testcase name="authorizationAnaliticTest" time="17.769" classname="regressionSuit.fpspm131_PublicationOfMaterialOfAnalitic" />
                <testcase name="verifyOfDeletionNewCreatedRubric" time="0.871" classname="regressionSuit.fpspm131_PublicationOfMaterialOfAnalitic" />
                <testcase name="creationOfNewPublicationTest" time="37.715" classname="regressionSuit.fpspm131_PublicationOfMaterialOfAnalitic" />
      
</testsuite>
